
 *****************************************************************************
 *                                 TM-SCORE                                  *
 * A scoring function to assess the similarity of protein structures         *
 * Based on statistics:                                                      *
 *       0.0 < TM-score < 0.17, random structural similarity                 *
 *       0.5 < TM-score < 1.00, in about the same fold                       *
 * Reference: Yang Zhang and Jeffrey Skolnick, Proteins 2004 57: 702-710     *
 * For comments, please email to: zhng@umich.edu                             *
 *****************************************************************************

Structure1: 1SCL_ave_m  Length=   23
Structure2: 430D_ave_m  Length=   23 (by which all scores are normalized)
Number of residues in common=   23
RMSD of  the common residues=    3.826

TM-score    = 0.2302  (d0= 0.68)
MaxSub-score= 0.5972  (d0= 3.50)
GDT-TS-score= 0.6957 %(d<1)=0.3913 %(d<2)=0.5652 %(d<4)=0.8261 %(d<8)=1.0000
GDT-HA-score= 0.5000 %(d<0.5)=0.2174 %(d<1)=0.3913 %(d<2)=0.5652 %(d<4)=0.8261

 -------- rotation matrix to rotate Chain-1 to Chain-2 ------
 i          t(i)         u(i,1)         u(i,2)         u(i,3)
 1     13.2699803680   0.9341791281  -0.0117758489  -0.3566099915
 2     14.8459458532   0.3205781871  -0.4110937504   0.8533648424
 3     37.9438659755  -0.1566492343  -0.9115170090  -0.3802601211

Superposition in the TM-score: Length(d<5.0)= 13  RMSD=  1.38
(":" denotes the residue pairs of distance < 5.0 Angstrom)
XXXXXXXXXXXXXXXXXXXXXXX
     :::::::::::::     
XXXXXXXXXXXXXXXXXXXXXXX
12345678901234567890123

